<?xml version="1.0" encoding="UTF-8"?>
<!-- Generated by org.testng.reporters.JUnitXMLReporter -->
<testsuite hostname="VI209570" ignored="0" name="test1" tests="4" failures="0" timestamp="2020-05-29T15:16:09 IST" time="0.079" errors="0">
  <testcase name="b" time="0.011" classname="demo.Interview.Hierarchy"/>
  <testcase name="f" time="0.002" classname="demo.Interview.Hierarchy"/>
  <testcase name="b" time="0.002" classname="demo.Interview.Hierarchy2"/>
  <testcase name="f" time="0.002" classname="demo.Interview.Hierarchy2"/>
</testsuite> <!-- test1 -->
