<?xml version="1.0" encoding="UTF-8"?>
<!-- Generated by org.testng.reporters.JUnitXMLReporter -->
<testsuite hostname="VI209570" ignored="0" name="test1" tests="4" failures="0" timestamp="2020-05-29T17:08:09 IST" time="0.065" errors="0">
  <testcase name="b" time="0.003" classname="demo.Interview.HierarchyTest"/>
  <testcase name="f" time="0.001" classname="demo.Interview.HierarchyTest"/>
  <testcase name="b" time="0.0" classname="demo.Interview.Hierarchy2"/>
  <testcase name="f" time="0.0" classname="demo.Interview.Hierarchy2"/>
</testsuite> <!-- test1 -->
