<?xml version="1.0" encoding="UTF-8"?>
<testng-results skipped="0" failed="0" ignored="0" total="4" passed="4">
  <reporter-output>
  </reporter-output>
  <suite name="Suite1" duration-ms="79" started-at="2020-05-29T15:16:09 IST" finished-at="2020-05-29T15:16:09 IST">
    <groups>
    </groups>
    <test name="test1" duration-ms="79" started-at="2020-05-29T15:16:09 IST" finished-at="2020-05-29T15:16:09 IST">
      <class name="demo.Interview.Hierarchy">
        <test-method status="PASS" signature="beforeSuite()[pri:0, instance:demo.Interview.Hierarchy@5bc79255]" name="beforeSuite" is-config="true" duration-ms="22" started-at="2020-05-29T15:16:09 IST" finished-at="2020-05-29T15:16:09 IST">
          <reporter-output>
          </reporter-output>
        </test-method> <!-- beforeSuite -->
        <test-method status="PASS" signature="beforeTest()[pri:0, instance:demo.Interview.Hierarchy@5bc79255]" name="beforeTest" is-config="true" duration-ms="0" started-at="2020-05-29T15:16:09 IST" finished-at="2020-05-29T15:16:09 IST">
          <reporter-output>
          </reporter-output>
        </test-method> <!-- beforeTest -->
        <test-method status="PASS" signature="beforeClass()[pri:0, instance:demo.Interview.Hierarchy@5bc79255]" name="beforeClass" is-config="true" duration-ms="0" started-at="2020-05-29T15:16:09 IST" finished-at="2020-05-29T15:16:09 IST">
          <reporter-output>
          </reporter-output>
        </test-method> <!-- beforeClass -->
        <test-method status="PASS" signature="beforeMethod()[pri:0, instance:demo.Interview.Hierarchy@5bc79255]" name="beforeMethod" is-config="true" duration-ms="1" started-at="2020-05-29T15:16:09 IST" finished-at="2020-05-29T15:16:09 IST">
          <reporter-output>
          </reporter-output>
        </test-method> <!-- beforeMethod -->
        <test-method status="PASS" signature="b()[pri:0, instance:demo.Interview.Hierarchy@5bc79255]" name="b" duration-ms="11" started-at="2020-05-29T15:16:09 IST" finished-at="2020-05-29T15:16:09 IST">
          <reporter-output>
          </reporter-output>
        </test-method> <!-- b -->
        <test-method status="PASS" signature="afterMethod()[pri:0, instance:demo.Interview.Hierarchy@5bc79255]" name="afterMethod" is-config="true" duration-ms="1" started-at="2020-05-29T15:16:09 IST" finished-at="2020-05-29T15:16:09 IST">
          <reporter-output>
          </reporter-output>
        </test-method> <!-- afterMethod -->
        <test-method status="PASS" signature="beforeMethod()[pri:0, instance:demo.Interview.Hierarchy@5bc79255]" name="beforeMethod" is-config="true" duration-ms="1" started-at="2020-05-29T15:16:09 IST" finished-at="2020-05-29T15:16:09 IST">
          <reporter-output>
          </reporter-output>
        </test-method> <!-- beforeMethod -->
        <test-method status="PASS" signature="f()[pri:0, instance:demo.Interview.Hierarchy@5bc79255]" name="f" duration-ms="2" started-at="2020-05-29T15:16:09 IST" finished-at="2020-05-29T15:16:09 IST">
          <reporter-output>
          </reporter-output>
        </test-method> <!-- f -->
        <test-method status="PASS" signature="afterMethod()[pri:0, instance:demo.Interview.Hierarchy@5bc79255]" name="afterMethod" is-config="true" duration-ms="0" started-at="2020-05-29T15:16:09 IST" finished-at="2020-05-29T15:16:09 IST">
          <reporter-output>
          </reporter-output>
        </test-method> <!-- afterMethod -->
        <test-method status="PASS" signature="afterClass()[pri:0, instance:demo.Interview.Hierarchy@5bc79255]" name="afterClass" is-config="true" duration-ms="0" started-at="2020-05-29T15:16:09 IST" finished-at="2020-05-29T15:16:09 IST">
          <reporter-output>
          </reporter-output>
        </test-method> <!-- afterClass -->
        <test-method status="PASS" signature="afterTest()[pri:0, instance:demo.Interview.Hierarchy@5bc79255]" name="afterTest" is-config="true" duration-ms="0" started-at="2020-05-29T15:16:09 IST" finished-at="2020-05-29T15:16:09 IST">
          <reporter-output>
          </reporter-output>
        </test-method> <!-- afterTest -->
        <test-method status="PASS" signature="afterSuite()[pri:0, instance:demo.Interview.Hierarchy@5bc79255]" name="afterSuite" is-config="true" duration-ms="1" started-at="2020-05-29T15:16:09 IST" finished-at="2020-05-29T15:16:09 IST">
          <reporter-output>
          </reporter-output>
        </test-method> <!-- afterSuite -->
      </class> <!-- demo.Interview.Hierarchy -->
      <class name="demo.Interview.Hierarchy2">
        <test-method status="PASS" signature="beforeClass()[pri:0, instance:demo.Interview.Hierarchy2@47ef968d]" name="beforeClass" is-config="true" duration-ms="0" started-at="2020-05-29T15:16:09 IST" finished-at="2020-05-29T15:16:09 IST">
          <reporter-output>
          </reporter-output>
        </test-method> <!-- beforeClass -->
        <test-method status="PASS" signature="b()[pri:0, instance:demo.Interview.Hierarchy2@47ef968d]" name="b" duration-ms="2" started-at="2020-05-29T15:16:09 IST" finished-at="2020-05-29T15:16:09 IST">
          <reporter-output>
          </reporter-output>
        </test-method> <!-- b -->
        <test-method status="PASS" signature="beforeMethod()[pri:0, instance:demo.Interview.Hierarchy2@47ef968d]" name="beforeMethod" is-config="true" duration-ms="0" started-at="2020-05-29T15:16:09 IST" finished-at="2020-05-29T15:16:09 IST">
          <reporter-output>
          </reporter-output>
        </test-method> <!-- beforeMethod -->
        <test-method status="PASS" signature="afterMethod()[pri:0, instance:demo.Interview.Hierarchy2@47ef968d]" name="afterMethod" is-config="true" duration-ms="1" started-at="2020-05-29T15:16:09 IST" finished-at="2020-05-29T15:16:09 IST">
          <reporter-output>
          </reporter-output>
        </test-method> <!-- afterMethod -->
        <test-method status="PASS" signature="beforeMethod()[pri:0, instance:demo.Interview.Hierarchy2@47ef968d]" name="beforeMethod" is-config="true" duration-ms="1" started-at="2020-05-29T15:16:09 IST" finished-at="2020-05-29T15:16:09 IST">
          <reporter-output>
          </reporter-output>
        </test-method> <!-- beforeMethod -->
        <test-method status="PASS" signature="f()[pri:0, instance:demo.Interview.Hierarchy2@47ef968d]" name="f" duration-ms="2" started-at="2020-05-29T15:16:09 IST" finished-at="2020-05-29T15:16:09 IST">
          <reporter-output>
          </reporter-output>
        </test-method> <!-- f -->
        <test-method status="PASS" signature="afterMethod()[pri:0, instance:demo.Interview.Hierarchy2@47ef968d]" name="afterMethod" is-config="true" duration-ms="0" started-at="2020-05-29T15:16:09 IST" finished-at="2020-05-29T15:16:09 IST">
          <reporter-output>
          </reporter-output>
        </test-method> <!-- afterMethod -->
        <test-method status="PASS" signature="afterClass()[pri:0, instance:demo.Interview.Hierarchy2@47ef968d]" name="afterClass" is-config="true" duration-ms="1" started-at="2020-05-29T15:16:09 IST" finished-at="2020-05-29T15:16:09 IST">
          <reporter-output>
          </reporter-output>
        </test-method> <!-- afterClass -->
      </class> <!-- demo.Interview.Hierarchy2 -->
    </test> <!-- test1 -->
  </suite> <!-- Suite1 -->
</testng-results>
